{"/Users/bernardog/Github/gulp-project-template/gulpfile.js":{"path":"/Users/bernardog/Github/gulp-project-template/gulpfile.js","s":{"1":1,"2":1,"3":1,"4":0,"5":1,"6":1,"7":1,"8":0,"9":1,"10":1,"11":1,"12":0,"13":1,"14":0,"15":0,"16":0,"17":1,"18":1,"19":0,"20":1,"21":0,"22":1,"23":0,"24":1,"25":1,"26":0,"27":1,"28":1},"b":{},"f":{"1":0,"2":1,"3":0,"4":1,"5":0,"6":0,"7":0,"8":0,"9":0,"10":0,"11":0},"fnMap":{"1":{"name":"(anonymous_1)","line":25,"loc":{"start":{"line":25,"column":18},"end":{"line":25,"column":30}}},"2":{"name":"(anonymous_2)","line":31,"loc":{"start":{"line":31,"column":18},"end":{"line":31,"column":30}}},"3":{"name":"(anonymous_3)","line":41,"loc":{"start":{"line":41,"column":22},"end":{"line":41,"column":34}}},"4":{"name":"(anonymous_4)","line":56,"loc":{"start":{"line":56,"column":20},"end":{"line":56,"column":32}}},"5":{"name":"(anonymous_5)","line":63,"loc":{"start":{"line":63,"column":33},"end":{"line":63,"column":45}}},"6":{"name":"(anonymous_6)","line":71,"loc":{"start":{"line":71,"column":19},"end":{"line":71,"column":31}}},"7":{"name":"(anonymous_7)","line":79,"loc":{"start":{"line":79,"column":19},"end":{"line":79,"column":31}}},"8":{"name":"(anonymous_8)","line":83,"loc":{"start":{"line":83,"column":20},"end":{"line":83,"column":32}}},"9":{"name":"(anonymous_9)","line":89,"loc":{"start":{"line":89,"column":25},"end":{"line":89,"column":37}}},"10":{"name":"(anonymous_10)","line":94,"loc":{"start":{"line":94,"column":77},"end":{"line":94,"column":89}}},"11":{"name":"(anonymous_11)","line":97,"loc":{"start":{"line":97,"column":21},"end":{"line":97,"column":33}}}},"statementMap":{"1":{"start":{"line":6,"column":0},"end":{"line":16,"column":40}},"2":{"start":{"line":19,"column":0},"end":{"line":23,"column":4}},"3":{"start":{"line":25,"column":0},"end":{"line":28,"column":3}},"4":{"start":{"line":26,"column":2},"end":{"line":27,"column":28}},"5":{"start":{"line":31,"column":0},"end":{"line":37,"column":3}},"6":{"start":{"line":32,"column":2},"end":{"line":36,"column":61}},"7":{"start":{"line":41,"column":0},"end":{"line":53,"column":3}},"8":{"start":{"line":42,"column":2},"end":{"line":52,"column":4}},"9":{"start":{"line":56,"column":0},"end":{"line":60,"column":3}},"10":{"start":{"line":57,"column":2},"end":{"line":59,"column":36}},"11":{"start":{"line":63,"column":0},"end":{"line":69,"column":3}},"12":{"start":{"line":64,"column":2},"end":{"line":68,"column":28}},"13":{"start":{"line":71,"column":0},"end":{"line":75,"column":3}},"14":{"start":{"line":72,"column":2},"end":{"line":72,"column":50}},"15":{"start":{"line":73,"column":2},"end":{"line":73,"column":61}},"16":{"start":{"line":74,"column":2},"end":{"line":74,"column":44}},"17":{"start":{"line":77,"column":0},"end":{"line":77,"column":60}},"18":{"start":{"line":79,"column":0},"end":{"line":81,"column":3}},"19":{"start":{"line":80,"column":2},"end":{"line":80,"column":39}},"20":{"start":{"line":83,"column":0},"end":{"line":87,"column":3}},"21":{"start":{"line":84,"column":2},"end":{"line":86,"column":32}},"22":{"start":{"line":89,"column":0},"end":{"line":92,"column":3}},"23":{"start":{"line":90,"column":2},"end":{"line":91,"column":19}},"24":{"start":{"line":94,"column":0},"end":{"line":95,"column":3}},"25":{"start":{"line":97,"column":0},"end":{"line":99,"column":3}},"26":{"start":{"line":98,"column":2},"end":{"line":98,"column":41}},"27":{"start":{"line":101,"column":0},"end":{"line":101,"column":37}},"28":{"start":{"line":102,"column":0},"end":{"line":102,"column":43}}},"branchMap":{}}}