TN:
SF:/Users/bernardog/Github/gulp-project-template/gulpfile.js
FN:25,(anonymous_1)
FN:31,(anonymous_2)
FN:41,(anonymous_3)
FN:56,(anonymous_4)
FN:63,(anonymous_5)
FN:71,(anonymous_6)
FN:79,(anonymous_7)
FN:83,(anonymous_8)
FN:89,(anonymous_9)
FN:94,(anonymous_10)
FN:97,(anonymous_11)
FNF:11
FNH:2
FNDA:0,(anonymous_1)
FNDA:1,(anonymous_2)
FNDA:0,(anonymous_3)
FNDA:1,(anonymous_4)
FNDA:0,(anonymous_5)
FNDA:0,(anonymous_6)
FNDA:0,(anonymous_7)
FNDA:0,(anonymous_8)
FNDA:0,(anonymous_9)
FNDA:0,(anonymous_10)
FNDA:0,(anonymous_11)
DA:6,1
DA:19,1
DA:25,1
DA:26,0
DA:31,1
DA:32,1
DA:41,1
DA:42,0
DA:56,1
DA:57,1
DA:63,1
DA:64,0
DA:71,1
DA:72,0
DA:73,0
DA:74,0
DA:77,1
DA:79,1
DA:80,0
DA:83,1
DA:84,0
DA:89,1
DA:90,0
DA:94,1
DA:97,1
DA:98,0
DA:101,1
DA:102,1
LF:28
LH:18
BRF:0
BRH:0
end_of_record
